which: no hadoop in (/opt/mvapich2/intel/ib/bin:/opt/intel/2018.1.163/compilers_and_libraries_2018.1.163/linux/bin/intel64:/usr/lib64/qt-3.3/bin:/usr/local/bin:/bin:/usr/bin:/usr/bin:/usr/local/sbin:/usr/sbin:/opt/sdsc/bin:/opt/sdsc/sbin:/opt/ibutils/bin:/opt/pdsh/bin:/opt/rocks/bin:/opt/rocks/sbin)
20/04/16 14:09:00 INFO pig.ExecTypeProvider: Trying ExecType : LOCAL
20/04/16 14:09:00 INFO pig.ExecTypeProvider: Picked LOCAL as the ExecType
2020-04-16 14:09:00,372 [main] INFO  org.apache.pig.Main - Apache Pig version 0.16.0 (r1746530) compiled Jun 01 2016, 23:09:59
2020-04-16 14:09:00,372 [main] INFO  org.apache.pig.Main - Logging error messages to: /home/paj9373/project6/pig_1587071340369.log
2020-04-16 14:09:00,562 [main] INFO  org.apache.pig.impl.util.Utils - Default bootup file /home/paj9373/.pigbootup not found
2020-04-16 14:09:00,688 [main] INFO  org.apache.pig.backend.hadoop.executionengine.HExecutionEngine - Connecting to hadoop file system at: file:///
2020-04-16 14:09:00,719 [main] INFO  org.apache.pig.PigServer - Pig Script ID for the session: 
2020-04-16 14:09:00,719 [main] WARN  org.apache.pig.PigServer - ATS is disabled since yarn.timeline-service.enabled set to false
2020-04-16 14:09:01,437 [main] INFO  org.apache.pig.tools.pigstats.ScriptState - Pig features used in the script: GROUP_BY,UNION
2020-04-16 14:09:01,593 [main] INFO  org.apache.pig.newplan.logical.optimizer.LogicalPlanOptimizer - {RULES_ENABLED=[AddForEach, ColumnMapKeyPrune, ConstantCalculator, GroupByConstParallelSetter, LimitOptimizer, LoadTypeCastInserter, MergeFilter, MergeForEach, PartitionFilterOptimizer, PredicatePushdownOptimizer, PushDownForEachFlatten, PushUpFilter, SplitFilter, StreamTypeCastInserter]}
2020-04-16 14:09:01,671 [main] INFO  org.apache.pig.impl.util.SpillableMemoryManager - Selected heap (Tenured Gen) of size 699072512 to monitor. collectionUsageThreshold = 489350752, usageThreshold = 489350752
2020-04-16 14:09:01,699 [main] WARN  org.apache.hadoop.util.NativeCodeLoader - Unable to load native-hadoop library for your platform... using builtin-java classes where applicable
2020-04-16 14:09:01,724 [main] INFO  org.apache.pig.backend.hadoop.executionengine.mapReduceLayer.MRCompiler - File concatenation threshold: 100 optimistic? false
2020-04-16 14:09:01,741 [main] INFO  org.apache.pig.backend.hadoop.executionengine.util.CombinerOptimizerUtil - Choosing to move algebraic foreach to combiner
2020-04-16 14:09:01,746 [main] INFO  org.apache.pig.backend.hadoop.executionengine.util.CombinerOptimizerUtil - Choosing to move algebraic foreach to combiner
2020-04-16 14:09:01,750 [main] INFO  org.apache.pig.backend.hadoop.executionengine.util.CombinerOptimizerUtil - Choosing to move algebraic foreach to combiner
2020-04-16 14:09:01,781 [main] INFO  org.apache.pig.backend.hadoop.executionengine.mapReduceLayer.MultiQueryOptimizer - MR plan size before optimization: 5
2020-04-16 14:09:01,782 [main] INFO  org.apache.pig.backend.hadoop.executionengine.mapReduceLayer.MultiQueryOptimizer - Merged MR job 63 into MR job 60
2020-04-16 14:09:01,783 [main] INFO  org.apache.pig.backend.hadoop.executionengine.mapReduceLayer.MultiQueryOptimizer - Merged MR job 65 into MR job 60
2020-04-16 14:09:01,783 [main] INFO  org.apache.pig.backend.hadoop.executionengine.mapReduceLayer.MultiQueryOptimizer - Merged MR job 67 into MR job 60
2020-04-16 14:09:01,783 [main] INFO  org.apache.pig.backend.hadoop.executionengine.mapReduceLayer.MultiQueryOptimizer - Requested parallelism of splitter: -1
2020-04-16 14:09:01,783 [main] INFO  org.apache.pig.backend.hadoop.executionengine.mapReduceLayer.MultiQueryOptimizer - Merged 3 map-reduce splittees.
2020-04-16 14:09:01,783 [main] INFO  org.apache.pig.backend.hadoop.executionengine.mapReduceLayer.MultiQueryOptimizer - Merged 3 out of total 4 MR operators.
2020-04-16 14:09:01,783 [main] INFO  org.apache.pig.backend.hadoop.executionengine.mapReduceLayer.MultiQueryOptimizer - MR plan size after optimization: 2
2020-04-16 14:09:01,863 [main] INFO  org.apache.pig.tools.pigstats.mapreduce.MRScriptState - Pig script settings are added to the job
2020-04-16 14:09:01,870 [main] INFO  org.apache.pig.backend.hadoop.executionengine.mapReduceLayer.JobControlCompiler - mapred.job.reduce.markreset.buffer.percent is not set, set to default 0.3
2020-04-16 14:09:01,871 [main] INFO  org.apache.pig.backend.hadoop.executionengine.mapReduceLayer.JobControlCompiler - Reduce phase detected, estimating # of required reducers.
2020-04-16 14:09:01,871 [main] INFO  org.apache.pig.backend.hadoop.executionengine.mapReduceLayer.JobControlCompiler - Using reducer estimator: org.apache.pig.backend.hadoop.executionengine.mapReduceLayer.InputSizeReducerEstimator
2020-04-16 14:09:01,878 [main] INFO  org.apache.pig.backend.hadoop.executionengine.mapReduceLayer.InputSizeReducerEstimator - BytesPerReducer=1000000000 maxReducers=999 totalInputFileSize=1062
2020-04-16 14:09:01,878 [main] INFO  org.apache.pig.backend.hadoop.executionengine.mapReduceLayer.JobControlCompiler - Setting Parallelism to 1
2020-04-16 14:09:01,903 [main] INFO  org.apache.pig.backend.hadoop.executionengine.mapReduceLayer.JobControlCompiler - Setting up multi store job
2020-04-16 14:09:01,907 [main] INFO  org.apache.pig.data.SchemaTupleFrontend - Key [pig.schematuple] is false, will not generate code.
2020-04-16 14:09:01,907 [main] INFO  org.apache.pig.data.SchemaTupleFrontend - Starting process to move generated code to distributed cacche
2020-04-16 14:09:01,907 [main] INFO  org.apache.pig.data.SchemaTupleFrontend - Distributed cache not supported or needed in local mode. Setting key [pig.schematuple.local.dir] with code temp directory: /tmp/1587071341906-0
2020-04-16 14:09:02,061 [main] INFO  org.apache.pig.backend.hadoop.executionengine.mapReduceLayer.MapReduceLauncher - 1 map-reduce job(s) waiting for submission.
2020-04-16 14:09:02,095 [JobControl] WARN  org.apache.hadoop.mapred.JobClient - No job jar file set.  User classes may not be found. See JobConf(Class) or JobConf#setJar(String).
2020-04-16 14:09:02,141 [JobControl] INFO  org.apache.pig.builtin.PigStorage - Using PigTextInputFormat
2020-04-16 14:09:02,143 [JobControl] INFO  org.apache.hadoop.mapreduce.lib.input.FileInputFormat - Total input paths to process : 1
2020-04-16 14:09:02,143 [JobControl] INFO  org.apache.pig.backend.hadoop.executionengine.util.MapRedUtil - Total input paths to process : 1
2020-04-16 14:09:02,148 [JobControl] WARN  org.apache.hadoop.io.compress.snappy.LoadSnappy - Snappy native library is available
2020-04-16 14:09:02,148 [JobControl] WARN  org.apache.hadoop.io.compress.snappy.LoadSnappy - Snappy native library not loaded
2020-04-16 14:09:02,150 [JobControl] INFO  org.apache.pig.backend.hadoop.executionengine.util.MapRedUtil - Total input paths (combined) to process : 1
2020-04-16 14:09:02,431 [Thread-3] INFO  org.apache.hadoop.util.ProcessTree - setsid exited with exit code 0
2020-04-16 14:09:02,438 [Thread-3] INFO  org.apache.hadoop.mapred.Task -  Using ResourceCalculatorPlugin : org.apache.hadoop.util.LinuxResourceCalculatorPlugin@47526518
2020-04-16 14:09:02,457 [Thread-3] INFO  org.apache.pig.builtin.PigStorage - Using PigTextInputFormat
2020-04-16 14:09:02,458 [Thread-3] INFO  org.apache.pig.backend.hadoop.executionengine.mapReduceLayer.PigRecordReader - Current split being processed file:/home/paj9373/project6/pixels-small.txt:0+1062
2020-04-16 14:09:02,471 [Thread-3] INFO  org.apache.hadoop.mapred.MapTask - io.sort.mb = 100
2020-04-16 14:09:02,550 [Thread-3] INFO  org.apache.hadoop.mapred.MapTask - data buffer = 79691776/99614720
2020-04-16 14:09:02,550 [Thread-3] INFO  org.apache.hadoop.mapred.MapTask - record buffer = 262144/327680
2020-04-16 14:09:02,564 [Thread-3] INFO  org.apache.pig.impl.util.SpillableMemoryManager - Selected heap (Tenured Gen) of size 699072512 to monitor. collectionUsageThreshold = 489350752, usageThreshold = 489350752
2020-04-16 14:09:02,565 [Thread-3] INFO  org.apache.pig.data.SchemaTupleBackend - Key [pig.schematuple] was not set... will not generate code.
2020-04-16 14:09:02,570 [main] INFO  org.apache.pig.backend.hadoop.executionengine.mapReduceLayer.MapReduceLauncher - HadoopJobId: job_local_0001
2020-04-16 14:09:02,571 [main] INFO  org.apache.pig.backend.hadoop.executionengine.mapReduceLayer.MapReduceLauncher - Processing aliases A,B,BLUE,G,GREEN,R,RED
2020-04-16 14:09:02,571 [main] INFO  org.apache.pig.backend.hadoop.executionengine.mapReduceLayer.MapReduceLauncher - detailed locations: M: A[1,4],A[-1,-1],RED[5,6],R[2,4],BLUE[6,7],B[3,4],GREEN[7,8],G[4,4] C: RED[5,6],R[2,4],BLUE[6,7],B[3,4],GREEN[7,8],G[4,4] R: RED[5,6],BLUE[6,7],GREEN[7,8]
2020-04-16 14:09:02,572 [main] INFO  org.apache.pig.backend.hadoop.executionengine.mapReduceLayer.MapReduceLauncher - 0% complete
2020-04-16 14:09:02,572 [main] INFO  org.apache.pig.backend.hadoop.executionengine.mapReduceLayer.MapReduceLauncher - Running jobs are [job_local_0001]
2020-04-16 14:09:02,594 [Thread-3] INFO  org.apache.pig.backend.hadoop.executionengine.mapReduceLayer.PigGenericMapReduce$Map - Aliases being processed per job phase (AliasName[line,offset]): M: A[1,4],A[-1,-1],RED[5,6],R[2,4],BLUE[6,7],B[3,4],GREEN[7,8],G[4,4] C: RED[5,6],R[2,4],BLUE[6,7],B[3,4],GREEN[7,8],G[4,4] R: RED[5,6],BLUE[6,7],GREEN[7,8]
2020-04-16 14:09:02,660 [Thread-3] INFO  org.apache.hadoop.mapred.MapTask - Starting flush of map output
2020-04-16 14:09:02,700 [Thread-3] INFO  org.apache.pig.backend.hadoop.executionengine.mapReduceLayer.PigCombiner$Combine - Aliases being processed per job phase (AliasName[line,offset]): M: A[1,4],A[-1,-1],RED[5,6],R[2,4],BLUE[6,7],B[3,4],GREEN[7,8],G[4,4] C: RED[5,6],R[2,4],BLUE[6,7],B[3,4],GREEN[7,8],G[4,4] R: RED[5,6],BLUE[6,7],GREEN[7,8]
2020-04-16 14:09:02,757 [Thread-3] INFO  org.apache.hadoop.mapred.MapTask - Finished spill 0
2020-04-16 14:09:02,758 [Thread-3] INFO  org.apache.hadoop.mapred.Task - Task:attempt_local_0001_m_000000_0 is done. And is in the process of commiting
2020-04-16 14:09:05,405 [Thread-3] INFO  org.apache.hadoop.mapred.LocalJobRunner - 
2020-04-16 14:09:05,405 [Thread-3] INFO  org.apache.hadoop.mapred.Task - Task 'attempt_local_0001_m_000000_0' done.
2020-04-16 14:09:05,425 [Thread-3] INFO  org.apache.hadoop.mapred.Task -  Using ResourceCalculatorPlugin : org.apache.hadoop.util.LinuxResourceCalculatorPlugin@27e4b66b
2020-04-16 14:09:05,425 [Thread-3] INFO  org.apache.hadoop.mapred.LocalJobRunner - 
2020-04-16 14:09:05,428 [Thread-3] INFO  org.apache.hadoop.mapred.Merger - Merging 1 sorted segments
2020-04-16 14:09:05,433 [Thread-3] INFO  org.apache.hadoop.mapred.Merger - Down to the last merge-pass, with 1 segments left of total size: 3392 bytes
2020-04-16 14:09:05,433 [Thread-3] INFO  org.apache.hadoop.mapred.LocalJobRunner - 
2020-04-16 14:09:05,444 [Thread-3] INFO  org.apache.pig.impl.util.SpillableMemoryManager - Selected heap (Tenured Gen) of size 699072512 to monitor. collectionUsageThreshold = 489350752, usageThreshold = 489350752
2020-04-16 14:09:05,445 [Thread-3] WARN  org.apache.pig.data.SchemaTupleBackend - SchemaTupleBackend has already been initialized
2020-04-16 14:09:05,460 [Thread-3] INFO  org.apache.pig.backend.hadoop.executionengine.mapReduceLayer.PigMapReduce$Reduce - Aliases being processed per job phase (AliasName[line,offset]): M: A[1,4],A[-1,-1],RED[5,6],R[2,4],BLUE[6,7],B[3,4],GREEN[7,8],G[4,4] C: RED[5,6],R[2,4],BLUE[6,7],B[3,4],GREEN[7,8],G[4,4] R: RED[5,6],BLUE[6,7],GREEN[7,8]
2020-04-16 14:09:05,504 [Thread-3] INFO  org.apache.hadoop.mapred.Task - Task:attempt_local_0001_r_000000_0 is done. And is in the process of commiting
2020-04-16 14:09:05,505 [Thread-3] INFO  org.apache.hadoop.mapred.LocalJobRunner - 
2020-04-16 14:09:05,505 [Thread-3] INFO  org.apache.hadoop.mapred.Task - Task attempt_local_0001_r_000000_0 is allowed to commit now
2020-04-16 14:09:05,506 [Thread-3] INFO  org.apache.hadoop.mapreduce.lib.output.FileOutputCommitter - Saved output of task 'attempt_local_0001_r_000000_0' to file:/tmp/temp-2036356884/tmp1364167138
2020-04-16 14:09:05,507 [Thread-3] INFO  org.apache.hadoop.mapreduce.lib.output.FileOutputCommitter - Saved output of task 'attempt_local_0001_r_000000_0' to file:/tmp/temp-2036356884/tmp109272355
2020-04-16 14:09:05,508 [Thread-3] INFO  org.apache.hadoop.mapreduce.lib.output.FileOutputCommitter - Saved output of task 'attempt_local_0001_r_000000_0' to file:/tmp/temp-2036356884/tmp-160571763
2020-04-16 14:09:05,573 [main] INFO  org.apache.pig.backend.hadoop.executionengine.mapReduceLayer.MapReduceLauncher - 25% complete
2020-04-16 14:09:05,573 [main] INFO  org.apache.pig.backend.hadoop.executionengine.mapReduceLayer.MapReduceLauncher - Running jobs are [job_local_0001]
2020-04-16 14:09:08,433 [Thread-3] INFO  org.apache.hadoop.mapred.LocalJobRunner - reduce > reduce
2020-04-16 14:09:08,434 [Thread-3] INFO  org.apache.hadoop.mapred.Task - Task 'attempt_local_0001_r_000000_0' done.
2020-04-16 14:09:08,574 [main] INFO  org.apache.pig.backend.hadoop.executionengine.mapReduceLayer.MapReduceLauncher - 50% complete
2020-04-16 14:09:08,579 [main] INFO  org.apache.pig.tools.pigstats.mapreduce.MRScriptState - Pig script settings are added to the job
2020-04-16 14:09:08,579 [main] INFO  org.apache.pig.backend.hadoop.executionengine.mapReduceLayer.JobControlCompiler - mapred.job.reduce.markreset.buffer.percent is not set, set to default 0.3
2020-04-16 14:09:08,580 [main] INFO  org.apache.pig.backend.hadoop.executionengine.mapReduceLayer.JobControlCompiler - Reduce phase detected, estimating # of required reducers.
2020-04-16 14:09:08,580 [main] INFO  org.apache.pig.backend.hadoop.executionengine.mapReduceLayer.JobControlCompiler - Setting Parallelism to 1
2020-04-16 14:09:08,581 [main] INFO  org.apache.pig.backend.hadoop.executionengine.mapReduceLayer.JobControlCompiler - Setting up single store job
2020-04-16 14:09:08,587 [main] INFO  org.apache.pig.backend.hadoop.executionengine.mapReduceLayer.MapReduceLauncher - 1 map-reduce job(s) waiting for submission.
2020-04-16 14:09:08,605 [JobControl] WARN  org.apache.hadoop.mapred.JobClient - No job jar file set.  User classes may not be found. See JobConf(Class) or JobConf#setJar(String).
2020-04-16 14:09:08,617 [JobControl] INFO  org.apache.hadoop.mapreduce.lib.input.FileInputFormat - Total input paths to process : 1
2020-04-16 14:09:08,617 [JobControl] INFO  org.apache.pig.backend.hadoop.executionengine.util.MapRedUtil - Total input paths to process : 1
2020-04-16 14:09:08,617 [JobControl] INFO  org.apache.pig.backend.hadoop.executionengine.util.MapRedUtil - Total input paths (combined) to process : 1
2020-04-16 14:09:08,618 [JobControl] INFO  org.apache.hadoop.mapreduce.lib.input.FileInputFormat - Total input paths to process : 1
2020-04-16 14:09:08,618 [JobControl] INFO  org.apache.pig.backend.hadoop.executionengine.util.MapRedUtil - Total input paths to process : 1
2020-04-16 14:09:08,618 [JobControl] INFO  org.apache.pig.backend.hadoop.executionengine.util.MapRedUtil - Total input paths (combined) to process : 1
2020-04-16 14:09:08,619 [JobControl] INFO  org.apache.hadoop.mapreduce.lib.input.FileInputFormat - Total input paths to process : 1
2020-04-16 14:09:08,619 [JobControl] INFO  org.apache.pig.backend.hadoop.executionengine.util.MapRedUtil - Total input paths to process : 1
2020-04-16 14:09:08,619 [JobControl] INFO  org.apache.pig.backend.hadoop.executionengine.util.MapRedUtil - Total input paths (combined) to process : 1
2020-04-16 14:09:08,698 [Thread-9] INFO  org.apache.hadoop.mapred.Task -  Using ResourceCalculatorPlugin : org.apache.hadoop.util.LinuxResourceCalculatorPlugin@653f8997
2020-04-16 14:09:08,701 [Thread-9] INFO  org.apache.pig.backend.hadoop.executionengine.mapReduceLayer.PigRecordReader - Current split being processed file:/tmp/temp-2036356884/tmp-160571763/part-r-00000:0+832
2020-04-16 14:09:08,702 [Thread-9] INFO  org.apache.hadoop.mapred.MapTask - io.sort.mb = 100
2020-04-16 14:09:08,775 [Thread-9] INFO  org.apache.hadoop.mapred.MapTask - data buffer = 79691776/99614720
2020-04-16 14:09:08,775 [Thread-9] INFO  org.apache.hadoop.mapred.MapTask - record buffer = 262144/327680
2020-04-16 14:09:08,780 [Thread-9] INFO  org.apache.pig.impl.util.SpillableMemoryManager - Selected heap (Tenured Gen) of size 699072512 to monitor. collectionUsageThreshold = 489350752, usageThreshold = 489350752
2020-04-16 14:09:08,781 [Thread-9] WARN  org.apache.pig.data.SchemaTupleBackend - SchemaTupleBackend has already been initialized
2020-04-16 14:09:08,786 [Thread-9] INFO  org.apache.pig.backend.hadoop.executionengine.mapReduceLayer.PigGenericMapReduce$Map - Aliases being processed per job phase (AliasName[line,offset]): M: TEMP[8,7],OP[9,5] C:  R: O[10,4]
2020-04-16 14:09:08,793 [Thread-9] INFO  org.apache.hadoop.mapred.MapTask - Starting flush of map output
2020-04-16 14:09:08,794 [Thread-9] INFO  org.apache.hadoop.mapred.MapTask - Finished spill 0
2020-04-16 14:09:08,796 [Thread-9] INFO  org.apache.hadoop.mapred.Task - Task:attempt_local_0002_m_000000_0 is done. And is in the process of commiting
2020-04-16 14:09:09,101 [main] INFO  org.apache.pig.backend.hadoop.executionengine.mapReduceLayer.MapReduceLauncher - HadoopJobId: job_local_0002
2020-04-16 14:09:09,101 [main] INFO  org.apache.pig.backend.hadoop.executionengine.mapReduceLayer.MapReduceLauncher - Processing aliases O,OP,TEMP
2020-04-16 14:09:09,101 [main] INFO  org.apache.pig.backend.hadoop.executionengine.mapReduceLayer.MapReduceLauncher - detailed locations: M: TEMP[8,7],OP[9,5] C:  R: O[10,4]
2020-04-16 14:09:11,751 [Thread-9] INFO  org.apache.hadoop.mapred.LocalJobRunner - 
2020-04-16 14:09:11,751 [Thread-9] INFO  org.apache.hadoop.mapred.Task - Task 'attempt_local_0002_m_000000_0' done.
2020-04-16 14:09:11,760 [Thread-9] INFO  org.apache.hadoop.mapred.Task -  Using ResourceCalculatorPlugin : org.apache.hadoop.util.LinuxResourceCalculatorPlugin@622bd52f
2020-04-16 14:09:11,762 [Thread-9] INFO  org.apache.pig.backend.hadoop.executionengine.mapReduceLayer.PigRecordReader - Current split being processed file:/tmp/temp-2036356884/tmp109272355/part-r-00000:0+815
2020-04-16 14:09:11,762 [Thread-9] INFO  org.apache.hadoop.mapred.MapTask - io.sort.mb = 100
2020-04-16 14:09:11,814 [Thread-9] INFO  org.apache.hadoop.mapred.MapTask - data buffer = 79691776/99614720
2020-04-16 14:09:11,814 [Thread-9] INFO  org.apache.hadoop.mapred.MapTask - record buffer = 262144/327680
2020-04-16 14:09:11,816 [Thread-9] INFO  org.apache.pig.impl.util.SpillableMemoryManager - Selected heap (Tenured Gen) of size 699072512 to monitor. collectionUsageThreshold = 489350752, usageThreshold = 489350752
2020-04-16 14:09:11,816 [Thread-9] WARN  org.apache.pig.data.SchemaTupleBackend - SchemaTupleBackend has already been initialized
2020-04-16 14:09:11,820 [Thread-9] INFO  org.apache.pig.backend.hadoop.executionengine.mapReduceLayer.PigGenericMapReduce$Map - Aliases being processed per job phase (AliasName[line,offset]): M: TEMP[8,7],OP[9,5] C:  R: O[10,4]
2020-04-16 14:09:11,829 [Thread-9] INFO  org.apache.hadoop.mapred.MapTask - Starting flush of map output
2020-04-16 14:09:11,830 [Thread-9] INFO  org.apache.hadoop.mapred.MapTask - Finished spill 0
2020-04-16 14:09:11,833 [Thread-9] INFO  org.apache.hadoop.mapred.Task - Task:attempt_local_0002_m_000001_0 is done. And is in the process of commiting
2020-04-16 14:09:12,106 [main] INFO  org.apache.pig.backend.hadoop.executionengine.mapReduceLayer.MapReduceLauncher - 75% complete
2020-04-16 14:09:12,106 [main] INFO  org.apache.pig.backend.hadoop.executionengine.mapReduceLayer.MapReduceLauncher - Running jobs are [job_local_0002]
2020-04-16 14:09:14,798 [Thread-9] INFO  org.apache.hadoop.mapred.LocalJobRunner - 
2020-04-16 14:09:14,798 [Thread-9] INFO  org.apache.hadoop.mapred.Task - Task 'attempt_local_0002_m_000001_0' done.
2020-04-16 14:09:14,801 [Thread-9] INFO  org.apache.hadoop.mapred.Task -  Using ResourceCalculatorPlugin : org.apache.hadoop.util.LinuxResourceCalculatorPlugin@2c3187a5
2020-04-16 14:09:14,802 [Thread-9] INFO  org.apache.pig.backend.hadoop.executionengine.mapReduceLayer.PigRecordReader - Current split being processed file:/tmp/temp-2036356884/tmp1364167138/part-r-00000:0+740
2020-04-16 14:09:14,803 [Thread-9] INFO  org.apache.hadoop.mapred.MapTask - io.sort.mb = 100
2020-04-16 14:09:14,854 [Thread-9] INFO  org.apache.hadoop.mapred.MapTask - data buffer = 79691776/99614720
2020-04-16 14:09:14,854 [Thread-9] INFO  org.apache.hadoop.mapred.MapTask - record buffer = 262144/327680
2020-04-16 14:09:14,856 [Thread-9] INFO  org.apache.pig.impl.util.SpillableMemoryManager - Selected heap (Tenured Gen) of size 699072512 to monitor. collectionUsageThreshold = 489350752, usageThreshold = 489350752
2020-04-16 14:09:14,856 [Thread-9] WARN  org.apache.pig.data.SchemaTupleBackend - SchemaTupleBackend has already been initialized
2020-04-16 14:09:14,857 [Thread-9] INFO  org.apache.pig.backend.hadoop.executionengine.mapReduceLayer.PigGenericMapReduce$Map - Aliases being processed per job phase (AliasName[line,offset]): M: TEMP[8,7],OP[9,5] C:  R: O[10,4]
2020-04-16 14:09:14,864 [Thread-9] INFO  org.apache.hadoop.mapred.MapTask - Starting flush of map output
2020-04-16 14:09:14,873 [Thread-9] INFO  org.apache.hadoop.mapred.MapTask - Finished spill 0
2020-04-16 14:09:14,875 [Thread-9] INFO  org.apache.hadoop.mapred.Task - Task:attempt_local_0002_m_000002_0 is done. And is in the process of commiting
2020-04-16 14:09:17,842 [Thread-9] INFO  org.apache.hadoop.mapred.LocalJobRunner - 
2020-04-16 14:09:17,843 [Thread-9] INFO  org.apache.hadoop.mapred.Task - Task 'attempt_local_0002_m_000002_0' done.
2020-04-16 14:09:17,849 [Thread-9] INFO  org.apache.hadoop.mapred.Task -  Using ResourceCalculatorPlugin : org.apache.hadoop.util.LinuxResourceCalculatorPlugin@2a10a558
2020-04-16 14:09:17,849 [Thread-9] INFO  org.apache.hadoop.mapred.LocalJobRunner - 
2020-04-16 14:09:17,850 [Thread-9] INFO  org.apache.hadoop.mapred.Merger - Merging 3 sorted segments
2020-04-16 14:09:17,850 [Thread-9] INFO  org.apache.hadoop.mapred.Merger - Down to the last merge-pass, with 3 segments left of total size: 4199 bytes
2020-04-16 14:09:17,850 [Thread-9] INFO  org.apache.hadoop.mapred.LocalJobRunner - 
2020-04-16 14:09:17,866 [Thread-9] INFO  org.apache.pig.impl.util.SpillableMemoryManager - Selected heap (Tenured Gen) of size 699072512 to monitor. collectionUsageThreshold = 489350752, usageThreshold = 489350752
2020-04-16 14:09:17,866 [Thread-9] WARN  org.apache.pig.data.SchemaTupleBackend - SchemaTupleBackend has already been initialized
2020-04-16 14:09:17,880 [Thread-9] INFO  org.apache.pig.backend.hadoop.executionengine.mapReduceLayer.PigMapReduce$Reduce - Aliases being processed per job phase (AliasName[line,offset]): M: TEMP[8,7],OP[9,5] C:  R: O[10,4]
2020-04-16 14:09:17,906 [Thread-9] INFO  org.apache.hadoop.mapred.Task - Task:attempt_local_0002_r_000000_0 is done. And is in the process of commiting
2020-04-16 14:09:17,907 [Thread-9] INFO  org.apache.hadoop.mapred.LocalJobRunner - 
2020-04-16 14:09:17,908 [Thread-9] INFO  org.apache.hadoop.mapred.Task - Task attempt_local_0002_r_000000_0 is allowed to commit now
2020-04-16 14:09:17,913 [Thread-9] INFO  org.apache.hadoop.mapreduce.lib.output.FileOutputCommitter - Saved output of task 'attempt_local_0002_r_000000_0' to file:/home/paj9373/project6/output
2020-04-16 14:09:20,861 [Thread-9] INFO  org.apache.hadoop.mapred.LocalJobRunner - reduce > reduce
2020-04-16 14:09:20,861 [Thread-9] INFO  org.apache.hadoop.mapred.Task - Task 'attempt_local_0002_r_000000_0' done.
2020-04-16 14:09:21,112 [main] INFO  org.apache.pig.backend.hadoop.executionengine.mapReduceLayer.MapReduceLauncher - 100% complete
2020-04-16 14:09:21,114 [main] INFO  org.apache.pig.tools.pigstats.mapreduce.SimplePigStats - Script Statistics: 

HadoopVersion	PigVersion	UserId	StartedAt	FinishedAt	Features
1.0.4	0.16.0	paj9373	2020-04-16 14:09:01	2020-04-16 14:09:21	GROUP_BY,UNION

Success!

Job Stats (time in seconds):
JobId	Maps	Reduces	MaxMapTime	MinMapTime	AvgMapTime	MedianMapTime	MaxReduceTime	MinReduceTime	AvgReduceTime	MedianReducetime	Alias	Feature	Outputs
job_local_0001	1	1	n/a	n/a	n/a	n/a	n/a	n/a	n/a	n/a	A,B,BLUE,G,GREEN,R,RED	MULTI_QUERY,COMBINER	
job_local_0002	1	1	n/a	n/a	n/a	n/a	n/a	n/a	n/a	n/a	O,OP,TEMP	GROUP_BY	file:///home/paj9373/project6/output,

Input(s):
Successfully read 100 records from: "file:///home/paj9373/project6/pixels-small.txt"

Output(s):
Successfully stored 258 records in: "file:///home/paj9373/project6/output"

Counters:
Total records written : 258
Total bytes written : 0
Spillable Memory Manager spill count : 0
Total bags proactively spilled: 0
Total records proactively spilled: 0

Job DAG:
job_local_0001	->	job_local_0002,
job_local_0002


2020-04-16 14:09:21,116 [main] INFO  org.apache.pig.backend.hadoop.executionengine.mapReduceLayer.MapReduceLauncher - Success!
2020-04-16 14:09:21,144 [main] INFO  org.apache.pig.Main - Pig script completed in 21 seconds and 8 milliseconds (21008 ms)
